<?xml version="1.0" encoding="UTF-8"?>
<!-- Generated by org.testng.reporters.JUnitReportReporter -->
<testsuite hostname="TISED-073" failures="0" tests="1" name="testcases.DashboardTest" time="51.623" errors="0" timestamp="2024-08-29T14:01:42 IST" skipped="0">
  <testcase classname="testcases.DashboardTest" name="verifyWithdrawalsSection" time="51.623"/>
  <system-out/>
</testsuite> <!-- testcases.DashboardTest -->
