<?xml version="1.0" encoding="UTF-8"?>
<!-- Generated by org.testng.reporters.JUnitReportReporter -->
<testsuite hostname="TISED-073" failures="0" tests="1" name="testcases.WithdrawalsTest" time="61.901" errors="0" timestamp="2024-09-03T13:06:52 IST" skipped="0">
  <testcase classname="testcases.WithdrawalsTest" name="verifySelectAllNetworksFilterFunctionality" time="61.901"/>
  <system-out/>
</testsuite> <!-- testcases.WithdrawalsTest -->
