<?xml version="1.0" encoding="UTF-8"?>
<!-- Generated by org.testng.reporters.JUnitReportReporter -->
<testsuite hostname="TISED-073" failures="0" tests="1" name="TestNG.day13" time="7.516" errors="0" timestamp="2024-08-19T20:24:41 IST" skipped="0">
  <testcase classname="TestNG.day13" name="openurl" time="7.516"/>
  <system-out/>
</testsuite> <!-- TestNG.day13 -->
