<?xml version="1.0" encoding="UTF-8"?>
<!-- Generated by org.testng.reporters.JUnitReportReporter -->
<testsuite hostname="TISED-073" failures="0" tests="8" name="testcases.LoginTest" time="178.317" errors="0" timestamp="2024-08-29T10:45:36 IST" skipped="0">
  <testcase classname="testcases.LoginTest" name="verifyloginpagenecessaryfield" time="15.690"/>
  <system-out/>
  <testcase classname="testcases.LoginTest" name="verifyLoginWithEmptyCredentials" time="15.050"/>
  <system-out/>
  <testcase classname="testcases.LoginTest" name="verifyLoginWithEmptyEmailAndValidPassword" time="17.867"/>
  <system-out/>
  <testcase classname="testcases.LoginTest" name="verifyLoginWithValidEmailAndEmptyPassword" time="20.124"/>
  <system-out/>
  <testcase classname="testcases.LoginTest" name="verifyLoginWithValidEmailAndInvalidPassword" time="22.399"/>
  <system-out/>
  <testcase classname="testcases.LoginTest" name="verifyLoginWithInValidEmailAndvalidPassword" time="23.488"/>
  <system-out/>
  <testcase classname="testcases.LoginTest" name="verifyLoginWithInvalidCredentials" time="21.994"/>
  <system-out/>
  <testcase classname="testcases.LoginTest" name="verifyLoginWithvalidCredentials" time="41.705"/>
  <system-out/>
</testsuite> <!-- testcases.LoginTest -->
