<?xml version="1.0" encoding="UTF-8"?>
<!-- Generated by org.testng.reporters.JUnitReportReporter -->
<testsuite hostname="TISED-073" failures="0" tests="3" name="TestNG.day12" time="7.939" errors="0" timestamp="2024-08-13T16:56:17 IST" skipped="0">
  <testcase classname="TestNG.day12" name="openapp" time="6.226"/>
  <system-out/>
  <testcase classname="TestNG.day12" name="checklogo" time="0.367"/>
  <system-out/>
  <testcase classname="TestNG.day12" name="login" time="1.346"/>
  <system-out/>
</testsuite> <!-- TestNG.day12 -->
