<?xml version="1.0" encoding="UTF-8"?>
<!-- Generated by org.testng.reporters.JUnitReportReporter -->
<testsuite hostname="TISED-073" failures="0" tests="6" name="TestNG.paralleltesting" time="23.558" errors="0" timestamp="2024-08-14T18:33:46 IST" skipped="0">
  <testcase classname="TestNG.paralleltesting" name="loginpage" time="4.907"/>
  <system-out/>
  <testcase classname="TestNG.paralleltesting" name="loginpage" time="5.862"/>
  <system-out/>
  <testcase classname="TestNG.paralleltesting" name="loginpage" time="5.720"/>
  <system-out/>
  <testcase classname="TestNG.paralleltesting" name="loginpage" time="2.256"/>
  <system-out/>
  <testcase classname="TestNG.paralleltesting" name="loginpage" time="2.369"/>
  <system-out/>
  <testcase classname="TestNG.paralleltesting" name="loginpage" time="2.444"/>
  <system-out/>
</testsuite> <!-- TestNG.paralleltesting -->
