<?xml version="1.0" encoding="UTF-8"?>
<!-- Generated by org.testng.reporters.JUnitReportReporter -->
<testsuite hostname="TISED-073" failures="0" tests="3" name="TestNG.OrangeHRM" time="0.057" errors="0" timestamp="2024-08-20T12:48:46 IST" skipped="0">
  <testcase classname="TestNG.OrangeHRM" name="testlogo" time="0.043"/>
  <system-out/>
  <testcase classname="TestNG.OrangeHRM" name="testurltitle" time="0.008"/>
  <system-out/>
  <testcase classname="TestNG.OrangeHRM" name="testurl" time="0.006"/>
  <system-out/>
</testsuite> <!-- TestNG.OrangeHRM -->
