<?xml version="1.0" encoding="UTF-8"?>
<!-- Generated by org.testng.reporters.JUnitReportReporter -->
<testsuite hostname="TISED-073" failures="0" tests="1" name="TestNG.LoginTest" time="1.693" errors="0" timestamp="2024-08-16T19:46:58 IST" skipped="0">
  <testcase classname="TestNG.LoginTest" name="logitest" time="1.693"/>
  <system-out/>
</testsuite> <!-- TestNG.LoginTest -->
