<?xml version="1.0" encoding="UTF-8"?>
<!-- Generated by org.testng.reporters.JUnitReportReporter -->
<testsuite hostname="TISED-073" failures="0" tests="4" name="testcases.Sample" time="37.396" errors="0" timestamp="2024-08-24T15:42:37 IST" skipped="0">
  <testcase classname="testcases.Sample" name="loginPageDisplayed" time="5.718"/>
  <system-out/>
  <testcase classname="testcases.Sample" name="performEmptyLoginCredentialsCheck" time="10.399"/>
  <system-out/>
  <testcase classname="testcases.Sample" name="performInvalidLoginTest" time="12.663"/>
  <system-out/>
  <testcase classname="testcases.Sample" name="performValidLoginTest" time="8.616"/>
  <system-out/>
</testsuite> <!-- testcases.Sample -->
