<?xml version="1.0" encoding="UTF-8"?>
<!-- Generated by org.testng.reporters.JUnitReportReporter -->
<testsuite hostname="TISED-073" failures="0" tests="1" name="testcases.BaseTest" time="7.061" errors="0" timestamp="2024-08-21T21:23:26 IST" skipped="0">
  <testcase classname="testcases.BaseTest" name="setUp" time="7.061"/>
  <system-out/>
</testsuite> <!-- testcases.BaseTest -->
