<?xml version="1.0" encoding="UTF-8"?>
<!-- Generated by org.testng.reporters.JUnitReportReporter -->
<testsuite hostname="TISED-073" failures="0" tests="4" name="testcases.LogoutTest" time="194.341" errors="0" timestamp="2024-09-03T21:28:49 IST" skipped="0">
  <testcase classname="testcases.LogoutTest" name="verifyLogoutTextPresence" time="43.450"/>
  <system-out/>
  <testcase classname="testcases.LogoutTest" name="verifyLogoutPageElements" time="43.958"/>
  <system-out/>
  <testcase classname="testcases.LogoutTest" name="verifyGoHomeButtonFunctionality" time="51.993"/>
  <system-out/>
  <testcase classname="testcases.LogoutTest" name="verifyFinalLogoutAction" time="54.940"/>
  <system-out/>
</testsuite> <!-- testcases.LogoutTest -->
