<?xml version="1.0" encoding="UTF-8"?>
<!-- Generated by org.testng.reporters.JUnitReportReporter -->
<testsuite hostname="TISED-073" failures="0" tests="1" name="testcases.LogoutTest" time="54.465" errors="0" timestamp="2024-09-04T15:39:48 IST" skipped="0">
  <testcase classname="testcases.LogoutTest" name="verifyFinalLogoutAction" time="54.465"/>
  <system-out/>
</testsuite> <!-- testcases.LogoutTest -->
