<?xml version="1.0" encoding="UTF-8"?>
<!-- Generated by org.testng.reporters.JUnitReportReporter -->
<testsuite hostname="TISED-073" failures="0" tests="4" name="testcases.AccountTest" time="212.123" errors="0" timestamp="2024-09-04T20:32:20 IST" skipped="0">
  <testcase classname="testcases.AccountTest" name="verifyAccountTextPresence" time="45.703"/>
  <system-out/>
  <testcase classname="testcases.AccountTest" name="verifyAccountPageElements" time="49.395"/>
  <system-out/>
  <testcase classname="testcases.AccountTest" name="verifySaveChangesButotnfunctionaoity" time="59.549"/>
  <system-out/>
  <testcase classname="testcases.AccountTest" name="verifyCancelButtonfunctionality" time="57.476"/>
  <system-out/>
</testsuite> <!-- testcases.AccountTest -->
