<?xml version="1.0" encoding="UTF-8"?>
<!-- Generated by org.testng.reporters.JUnitReportReporter -->
<testsuite hostname="TISED-073" failures="0" tests="2" name="TestNG.dataprovidermethod" time="8.152" errors="0" timestamp="2024-08-14T17:38:50 IST" skipped="0">
  <testcase classname="TestNG.dataprovidermethod" name="loginpage" time="6.090"/>
  <system-out/>
  <testcase classname="TestNG.dataprovidermethod" name="loginpage" time="2.062"/>
  <system-out/>
</testsuite> <!-- TestNG.dataprovidermethod -->
